producersNum = 1 , consumersNum = 1
poolType is NoFIFOPool
producerMigrate = 1
Enable initial producer&consumer binding...
Waiting for pools initialization...
Pools created successfully...
Time to run = 4000 msec
Producer fluctuations are turned off
Consumer fluctuations are turned off
Starting the run...
Terminating threads...
Peak Insertion throughput (tasks/msec) = 67637.7
System Throughput (tasks/msec) = 67424.3
Average Number of Work Stealing Attempts per Consumer = 0
Producer Atomic Statistics:
	 CAS operations per inserted task: 0.000996881
	 CAS failures per inserted task: 5.17369e-08
Consumer Atomic Statistics:
	 CAS operations per retrieved task: 0.00199999
	 CAS failures per inserted task: 3.70709e-09
CSV Formatting: PoolType,ProdNum,ConsNum,ProdRate,ConsRate,AvgStealingAttempts,ProdCAS,ProdCASFailure,ConsCAS,ConsCASFailure,Affinity,ProdMigrate,ProdFluct,ConsFluct,PausedThreads
CSV:NoFIFOPool,1,1,67637.7,67424.3,0,0.000996881,5.17369e-08,0.00199999,3.70709e-09,1,1,0,0,2
producersNum = 1 , consumersNum = 2
poolType is NoFIFOPool
producerMigrate = 1
Enable initial producer&consumer binding...
Waiting for pools initialization...
Pools created successfully...
Time to run = 4000 msec
Producer fluctuations are turned off
Consumer fluctuations are turned off
Starting the run...
Terminating threads...
Peak Insertion throughput (tasks/msec) = 96776.8
System Throughput (tasks/msec) = 96722.6
Average Number of Work Stealing Attempts per Consumer = 0
Producer Atomic Statistics:
	 CAS operations per inserted task: 0.00100094
	 CAS failures per inserted task: 8.78099e-07
Consumer Atomic Statistics:
	 CAS operations per retrieved task: 0.00199995
	 CAS failures per inserted task: 6.20242e-08
CSV Formatting: PoolType,ProdNum,ConsNum,ProdRate,ConsRate,AvgStealingAttempts,ProdCAS,ProdCASFailure,ConsCAS,ConsCASFailure,Affinity,ProdMigrate,ProdFluct,ConsFluct,PausedThreads
CSV:NoFIFOPool,1,2,96776.8,96722.6,0,0.00100094,8.78099e-07,0.00199995,6.20242e-08,1,1,0,0,2
producersNum = 1 , consumersNum = 4
poolType is NoFIFOPool
producerMigrate = 1
Enable initial producer&consumer binding...
Waiting for pools initialization...
Pools created successfully...
Time to run = 4000 msec
Producer fluctuations are turned off
Consumer fluctuations are turned off
Starting the run...
Terminating threads...
Peak Insertion throughput (tasks/msec) = 96340.8
System Throughput (tasks/msec) = 96247.5
Average Number of Work Stealing Attempts per Consumer = 0
Producer Atomic Statistics:
	 CAS operations per inserted task: 0.00100023
	 CAS failures per inserted task: 2.07577e-07
Consumer Atomic Statistics:
	 CAS operations per retrieved task: 0.00199984
	 CAS failures per inserted task: 2.59709e-08
CSV Formatting: PoolType,ProdNum,ConsNum,ProdRate,ConsRate,AvgStealingAttempts,ProdCAS,ProdCASFailure,ConsCAS,ConsCASFailure,Affinity,ProdMigrate,ProdFluct,ConsFluct,PausedThreads
CSV:NoFIFOPool,1,4,96340.8,96247.5,0,0.00100023,2.07577e-07,0.00199984,2.59709e-08,1,1,0,0,2
producersNum = 1 , consumersNum = 8
poolType is NoFIFOPool
producerMigrate = 1
Enable initial producer&consumer binding...
Waiting for pools initialization...
Pools created successfully...
Time to run = 4000 msec
Producer fluctuations are turned off
Consumer fluctuations are turned off
Starting the run...
Terminating threads...
Peak Insertion throughput (tasks/msec) = 91243.1
System Throughput (tasks/msec) = 91192
Average Number of Work Stealing Attempts per Consumer = 0
Producer Atomic Statistics:
	 CAS operations per inserted task: 0.00100015
	 CAS failures per inserted task: 1.42466e-07
Consumer Atomic Statistics:
	 CAS operations per retrieved task: 0.00199973
	 CAS failures per inserted task: 1.09643e-08
CSV Formatting: PoolType,ProdNum,ConsNum,ProdRate,ConsRate,AvgStealingAttempts,ProdCAS,ProdCASFailure,ConsCAS,ConsCASFailure,Affinity,ProdMigrate,ProdFluct,ConsFluct,PausedThreads
CSV:NoFIFOPool,1,8,91243.1,91192,0,0.00100015,1.42466e-07,0.00199973,1.09643e-08,1,1,0,0,2
producersNum = 1 , consumersNum = 16
poolType is NoFIFOPool
producerMigrate = 1
Enable initial producer&consumer binding...
Waiting for pools initialization...
Pools created successfully...
Time to run = 4000 msec
Producer fluctuations are turned off
Consumer fluctuations are turned off
Starting the run...
Terminating threads...
Peak Insertion throughput (tasks/msec) = 93761.3
System Throughput (tasks/msec) = 93713.5
Average Number of Work Stealing Attempts per Consumer = 0
Producer Atomic Statistics:
	 CAS operations per inserted task: 0.00100005
	 CAS failures per inserted task: 4.79872e-08
Consumer Atomic Statistics:
	 CAS operations per retrieved task: 0.00199943
	 CAS failures per inserted task: 0
CSV Formatting: PoolType,ProdNum,ConsNum,ProdRate,ConsRate,AvgStealingAttempts,ProdCAS,ProdCASFailure,ConsCAS,ConsCASFailure,Affinity,ProdMigrate,ProdFluct,ConsFluct,PausedThreads
CSV:NoFIFOPool,1,16,93761.3,93713.5,0,0.00100005,4.79872e-08,0.00199943,0,1,1,0,0,2
producersNum = 1 , consumersNum = 32
poolType is NoFIFOPool
producerMigrate = 1
Enable initial producer&consumer binding...
Waiting for pools initialization...
Pools created successfully...
Time to run = 4000 msec
Producer fluctuations are turned off
Consumer fluctuations are turned off
Starting the run...
Terminating threads...
Peak Insertion throughput (tasks/msec) = 95278.2
System Throughput (tasks/msec) = 95211.9
Average Number of Work Stealing Attempts per Consumer = 0
Producer Atomic Statistics:
	 CAS operations per inserted task: 0.00100002
	 CAS failures per inserted task: 2.36097e-08
Consumer Atomic Statistics:
	 CAS operations per retrieved task: 0.0019989
	 CAS failures per inserted task: 0
CSV Formatting: PoolType,ProdNum,ConsNum,ProdRate,ConsRate,AvgStealingAttempts,ProdCAS,ProdCASFailure,ConsCAS,ConsCASFailure,Affinity,ProdMigrate,ProdFluct,ConsFluct,PausedThreads
CSV:NoFIFOPool,1,32,95278.2,95211.9,0,0.00100002,2.36097e-08,0.0019989,0,1,1,0,0,2
terminate called after throwing an instance of 'ConfigFile::file_not_found'
./bench-1-n.sh: line 11: 111942 Aborted                 (core dumped) $MAIN $DIR/config.${THREADS[$i]}.$BIND
terminate called after throwing an instance of 'ConfigFile::file_not_found'
./bench-1-n.sh: line 11: 111944 Aborted                 (core dumped) $MAIN $DIR/config.${THREADS[$i]}.$BIND
terminate called after throwing an instance of 'ConfigFile::file_not_found'
./bench-1-n.sh: line 11: 111947 Aborted                 (core dumped) $MAIN $DIR/config.${THREADS[$i]}.$BIND
