producersNum = 1 , consumersNum = 1
poolType is NoFIFOPool
producerMigrate = 1
Enable initial producer&consumer binding...
Waiting for pools initialization...
Pools created successfully...
Time to run = 4000 msec
Producer fluctuations are turned off
Consumer fluctuations are turned off
Starting the run...
Terminating threads...
Peak Insertion throughput (tasks/msec) = 4420.73
System Throughput (tasks/msec) = 4403.7
Average Number of Work Stealing Attempts per Consumer = 0
Producer Atomic Statistics:
	 CAS operations per inserted task: 0.001
	 CAS failures per inserted task: 0
Consumer Atomic Statistics:
	 CAS operations per retrieved task: 0.00199936
	 CAS failures per inserted task: 0
CSV Formatting: PoolType,ProdNum,ConsNum,ProdRate,ConsRate,AvgStealingAttempts,ProdCAS,ProdCASFailure,ConsCAS,ConsCASFailure,Affinity,ProdMigrate,ProdFluct,ConsFluct,PausedThreads
CSV:NoFIFOPool,1,1,4420.73,4403.7,0,0.001,0,0.00199936,0,1,1,0,0,2
producersNum = 1 , consumersNum = 1
poolType is NoFIFOPool
producerMigrate = 1
Waiting for pools initialization...
Pools created successfully...
Time to run = 4000 msec
Producer fluctuations are turned off
Consumer fluctuations are turned off
Starting the run...
Terminating threads...
Peak Insertion throughput (tasks/msec) = 5045.59
System Throughput (tasks/msec) = 5032.92
Average Number of Work Stealing Attempts per Consumer = 0
Producer Atomic Statistics:
	 CAS operations per inserted task: 0.001
	 CAS failures per inserted task: 0
Consumer Atomic Statistics:
	 CAS operations per retrieved task: 0.00199959
	 CAS failures per inserted task: 0
CSV Formatting: PoolType,ProdNum,ConsNum,ProdRate,ConsRate,AvgStealingAttempts,ProdCAS,ProdCASFailure,ConsCAS,ConsCASFailure,Affinity,ProdMigrate,ProdFluct,ConsFluct,PausedThreads
CSV:NoFIFOPool,1,1,5045.59,5032.92,0,0.001,0,0.00199959,0,0,1,0,0,2
producersNum = 2 , consumersNum = 2
poolType is NoFIFOPool
producerMigrate = 1
Enable initial producer&consumer binding...
Waiting for pools initialization...
Pools created successfully...
Time to run = 4000 msec
Producer fluctuations are turned off
Consumer fluctuations are turned off
Starting the run...
Terminating threads...
Peak Insertion throughput (tasks/msec) = 22113.2
System Throughput (tasks/msec) = 22103.3
Average Number of Work Stealing Attempts per Consumer = 0
Producer Atomic Statistics:
	 CAS operations per inserted task: 0.001
	 CAS failures per inserted task: 0
Consumer Atomic Statistics:
	 CAS operations per retrieved task: 0.00199966
	 CAS failures per inserted task: 0
CSV Formatting: PoolType,ProdNum,ConsNum,ProdRate,ConsRate,AvgStealingAttempts,ProdCAS,ProdCASFailure,ConsCAS,ConsCASFailure,Affinity,ProdMigrate,ProdFluct,ConsFluct,PausedThreads
CSV:NoFIFOPool,2,2,22113.2,22103.3,0,0.001,0,0.00199966,0,1,1,0,0,2
producersNum = 2 , consumersNum = 2
poolType is NoFIFOPool
producerMigrate = 1
Waiting for pools initialization...
Pools created successfully...
Time to run = 4000 msec
Producer fluctuations are turned off
Consumer fluctuations are turned off
Starting the run...
Terminating threads...
Peak Insertion throughput (tasks/msec) = 15168.3
System Throughput (tasks/msec) = 15160.5
Average Number of Work Stealing Attempts per Consumer = 0
Producer Atomic Statistics:
	 CAS operations per inserted task: 0.001
	 CAS failures per inserted task: 0
Consumer Atomic Statistics:
	 CAS operations per retrieved task: 0.00199964
	 CAS failures per inserted task: 0
CSV Formatting: PoolType,ProdNum,ConsNum,ProdRate,ConsRate,AvgStealingAttempts,ProdCAS,ProdCASFailure,ConsCAS,ConsCASFailure,Affinity,ProdMigrate,ProdFluct,ConsFluct,PausedThreads
CSV:NoFIFOPool,2,2,15168.3,15160.5,0,0.001,0,0.00199964,0,0,1,0,0,2
producersNum = 4 , consumersNum = 4
poolType is NoFIFOPool
producerMigrate = 1
Enable initial producer&consumer binding...
Waiting for pools initialization...
Pools created successfully...
Time to run = 4000 msec
Producer fluctuations are turned off
Consumer fluctuations are turned off
Starting the run...
Terminating threads...
Peak Insertion throughput (tasks/msec) = 41368.7
System Throughput (tasks/msec) = 41340
Average Number of Work Stealing Attempts per Consumer = 0
Producer Atomic Statistics:
	 CAS operations per inserted task: 0.001
	 CAS failures per inserted task: 0
Consumer Atomic Statistics:
	 CAS operations per retrieved task: 0.00199928
	 CAS failures per inserted task: 0
CSV Formatting: PoolType,ProdNum,ConsNum,ProdRate,ConsRate,AvgStealingAttempts,ProdCAS,ProdCASFailure,ConsCAS,ConsCASFailure,Affinity,ProdMigrate,ProdFluct,ConsFluct,PausedThreads
CSV:NoFIFOPool,4,4,41368.7,41340,0,0.001,0,0.00199928,0,1,1,0,0,2
producersNum = 4 , consumersNum = 4
poolType is NoFIFOPool
producerMigrate = 1
Waiting for pools initialization...
Pools created successfully...
Time to run = 4000 msec
Producer fluctuations are turned off
Consumer fluctuations are turned off
Starting the run...
Terminating threads...
Peak Insertion throughput (tasks/msec) = 35532.1
System Throughput (tasks/msec) = 35476.8
Average Number of Work Stealing Attempts per Consumer = 0
Producer Atomic Statistics:
	 CAS operations per inserted task: 0.001
	 CAS failures per inserted task: 0
Consumer Atomic Statistics:
	 CAS operations per retrieved task: 0.00199882
	 CAS failures per inserted task: 0
CSV Formatting: PoolType,ProdNum,ConsNum,ProdRate,ConsRate,AvgStealingAttempts,ProdCAS,ProdCASFailure,ConsCAS,ConsCASFailure,Affinity,ProdMigrate,ProdFluct,ConsFluct,PausedThreads
CSV:NoFIFOPool,4,4,35532.1,35476.8,0,0.001,0,0.00199882,0,0,1,0,0,2
producersNum = 8 , consumersNum = 8
poolType is NoFIFOPool
producerMigrate = 1
Enable initial producer&consumer binding...
Waiting for pools initialization...
Pools created successfully...
Time to run = 4000 msec
Producer fluctuations are turned off
Consumer fluctuations are turned off
Starting the run...
Terminating threads...
Peak Insertion throughput (tasks/msec) = 82440.5
System Throughput (tasks/msec) = 82362.6
Average Number of Work Stealing Attempts per Consumer = 0
Producer Atomic Statistics:
	 CAS operations per inserted task: 0.001
	 CAS failures per inserted task: 0
Consumer Atomic Statistics:
	 CAS operations per retrieved task: 0.00199768
	 CAS failures per inserted task: 0
CSV Formatting: PoolType,ProdNum,ConsNum,ProdRate,ConsRate,AvgStealingAttempts,ProdCAS,ProdCASFailure,ConsCAS,ConsCASFailure,Affinity,ProdMigrate,ProdFluct,ConsFluct,PausedThreads
CSV:NoFIFOPool,8,8,82440.5,82362.6,0,0.001,0,0.00199768,0,1,1,0,0,2
producersNum = 8 , consumersNum = 8
poolType is NoFIFOPool
producerMigrate = 1
Waiting for pools initialization...
Pools created successfully...
Time to run = 4000 msec
Producer fluctuations are turned off
Consumer fluctuations are turned off
Starting the run...
Terminating threads...
Peak Insertion throughput (tasks/msec) = 65043.6
System Throughput (tasks/msec) = 64980.8
Average Number of Work Stealing Attempts per Consumer = 0
Producer Atomic Statistics:
	 CAS operations per inserted task: 0.001
	 CAS failures per inserted task: 0
Consumer Atomic Statistics:
	 CAS operations per retrieved task: 0.00199776
	 CAS failures per inserted task: 0
CSV Formatting: PoolType,ProdNum,ConsNum,ProdRate,ConsRate,AvgStealingAttempts,ProdCAS,ProdCASFailure,ConsCAS,ConsCASFailure,Affinity,ProdMigrate,ProdFluct,ConsFluct,PausedThreads
CSV:NoFIFOPool,8,8,65043.6,64980.8,0,0.001,0,0.00199776,0,0,1,0,0,2
producersNum = 16 , consumersNum = 16
poolType is NoFIFOPool
producerMigrate = 1
Enable initial producer&consumer binding...
Waiting for pools initialization...
Pools created successfully...
Time to run = 4000 msec
Producer fluctuations are turned off
Consumer fluctuations are turned off
Starting the run...
Terminating threads...
Peak Insertion throughput (tasks/msec) = 175429
System Throughput (tasks/msec) = 175327
Average Number of Work Stealing Attempts per Consumer = 0
Producer Atomic Statistics:
	 CAS operations per inserted task: 0.00100002
	 CAS failures per inserted task: 1.70891e-08
Consumer Atomic Statistics:
	 CAS operations per retrieved task: 0.00199683
	 CAS failures per inserted task: 0
CSV Formatting: PoolType,ProdNum,ConsNum,ProdRate,ConsRate,AvgStealingAttempts,ProdCAS,ProdCASFailure,ConsCAS,ConsCASFailure,Affinity,ProdMigrate,ProdFluct,ConsFluct,PausedThreads
CSV:NoFIFOPool,16,16,175429,175327,0,0.00100002,1.70891e-08,0.00199683,0,1,1,0,0,2
producersNum = 16 , consumersNum = 16
poolType is NoFIFOPool
producerMigrate = 1
Waiting for pools initialization...
Pools created successfully...
Time to run = 4000 msec
Producer fluctuations are turned off
Consumer fluctuations are turned off
Starting the run...
Terminating threads...
Peak Insertion throughput (tasks/msec) = 132202
System Throughput (tasks/msec) = 132052
Average Number of Work Stealing Attempts per Consumer = 0
Producer Atomic Statistics:
	 CAS operations per inserted task: 0.001
	 CAS failures per inserted task: 0
Consumer Atomic Statistics:
	 CAS operations per retrieved task: 0.00199633
	 CAS failures per inserted task: 0
CSV Formatting: PoolType,ProdNum,ConsNum,ProdRate,ConsRate,AvgStealingAttempts,ProdCAS,ProdCASFailure,ConsCAS,ConsCASFailure,Affinity,ProdMigrate,ProdFluct,ConsFluct,PausedThreads
CSV:NoFIFOPool,16,16,132202,132052,0,0.001,0,0.00199633,0,0,1,0,0,2
producersNum = 32 , consumersNum = 32
poolType is NoFIFOPool
producerMigrate = 1
Enable initial producer&consumer binding...
Waiting for pools initialization...
Pools created successfully...
Time to run = 4000 msec
Producer fluctuations are turned off
Consumer fluctuations are turned off
Starting the run...
Terminating threads...
Peak Insertion throughput (tasks/msec) = 532266
System Throughput (tasks/msec) = 531682
Average Number of Work Stealing Attempts per Consumer = 0
Producer Atomic Statistics:
	 CAS operations per inserted task: 0.00100985
	 CAS failures per inserted task: 1.0735e-05
Consumer Atomic Statistics:
	 CAS operations per retrieved task: 0.00199587
	 CAS failures per inserted task: 0
CSV Formatting: PoolType,ProdNum,ConsNum,ProdRate,ConsRate,AvgStealingAttempts,ProdCAS,ProdCASFailure,ConsCAS,ConsCASFailure,Affinity,ProdMigrate,ProdFluct,ConsFluct,PausedThreads
CSV:NoFIFOPool,32,32,532266,531682,0,0.00100985,1.0735e-05,0.00199587,0,1,1,0,0,2
producersNum = 32 , consumersNum = 32
poolType is NoFIFOPool
producerMigrate = 1
Waiting for pools initialization...
Pools created successfully...
Time to run = 4000 msec
Producer fluctuations are turned off
Consumer fluctuations are turned off
Starting the run...
Terminating threads...
Peak Insertion throughput (tasks/msec) = 513240
System Throughput (tasks/msec) = 512988
Average Number of Work Stealing Attempts per Consumer = 0
Producer Atomic Statistics:
	 CAS operations per inserted task: 0.00100738
	 CAS failures per inserted task: 8.33698e-06
Consumer Atomic Statistics:
	 CAS operations per retrieved task: 0.00199507
	 CAS failures per inserted task: 9.73231e-10
CSV Formatting: PoolType,ProdNum,ConsNum,ProdRate,ConsRate,AvgStealingAttempts,ProdCAS,ProdCASFailure,ConsCAS,ConsCASFailure,Affinity,ProdMigrate,ProdFluct,ConsFluct,PausedThreads
CSV:NoFIFOPool,32,32,513240,512988,0,0.00100738,8.33698e-06,0.00199507,9.73231e-10,0,1,0,0,2
