producersNum = 1 , consumersNum = 1
poolType is NoFIFOPool
producerMigrate = 1
Enable initial producer&consumer binding...
Waiting for pools initialization...
Pools created successfully...
Time to run = 4000 msec
Producer fluctuations are turned off
Consumer fluctuations are turned off
Starting the run...
Terminating threads...
Peak Insertion throughput (tasks/msec) = 2673.53
System Throughput (tasks/msec) = 1400.42
Average Number of Work Stealing Attempts per Consumer = 0
Producer Atomic Statistics:
	 CAS operations per inserted task: 0.000230773
	 CAS failures per inserted task: 0
Consumer Atomic Statistics:
	 CAS operations per retrieved task: 0.00199926
	 CAS failures per inserted task: 0
CSV Formatting: PoolType,ProdNum,ConsNum,ProdRate,ConsRate,AvgStealingAttempts,ProdCAS,ProdCASFailure,ConsCAS,ConsCASFailure,Affinity,ProdMigrate,ProdFluct,ConsFluct,PausedThreads
CSV:NoFIFOPool,1,1,2673.53,1400.42,0,0.000230773,0,0.00199926,0,1,1,0,0,2
producersNum = 2 , consumersNum = 2
poolType is NoFIFOPool
producerMigrate = 1
Enable initial producer&consumer binding...
Waiting for pools initialization...
Pools created successfully...
Time to run = 4000 msec
Producer fluctuations are turned off
Consumer fluctuations are turned off
Starting the run...
Terminating threads...
Peak Insertion throughput (tasks/msec) = 3587.95
System Throughput (tasks/msec) = 926.315
Average Number of Work Stealing Attempts per Consumer = 21385.5
Producer Atomic Statistics:
	 CAS operations per inserted task: 0.000311863
	 CAS failures per inserted task: 0
Consumer Atomic Statistics:
	 CAS operations per retrieved task: 0.00199541
	 CAS failures per inserted task: 0
CSV Formatting: PoolType,ProdNum,ConsNum,ProdRate,ConsRate,AvgStealingAttempts,ProdCAS,ProdCASFailure,ConsCAS,ConsCASFailure,Affinity,ProdMigrate,ProdFluct,ConsFluct,PausedThreads
CSV:NoFIFOPool,2,2,3587.95,926.315,21385.5,0.000311863,0,0.00199541,0,1,1,0,0,2
producersNum = 4 , consumersNum = 4
poolType is NoFIFOPool
producerMigrate = 1
Enable initial producer&consumer binding...
Waiting for pools initialization...
Pools created successfully...
Time to run = 4000 msec
Producer fluctuations are turned off
Consumer fluctuations are turned off
Starting the run...
Terminating threads...
Peak Insertion throughput (tasks/msec) = 5224.55
System Throughput (tasks/msec) = 1258.68
Average Number of Work Stealing Attempts per Consumer = 0
Producer Atomic Statistics:
	 CAS operations per inserted task: 0.000294595
	 CAS failures per inserted task: 0
Consumer Atomic Statistics:
	 CAS operations per retrieved task: 0.00198462
	 CAS failures per inserted task: 0
CSV Formatting: PoolType,ProdNum,ConsNum,ProdRate,ConsRate,AvgStealingAttempts,ProdCAS,ProdCASFailure,ConsCAS,ConsCASFailure,Affinity,ProdMigrate,ProdFluct,ConsFluct,PausedThreads
CSV:NoFIFOPool,4,4,5224.55,1258.68,0,0.000294595,0,0.00198462,0,1,1,0,0,2
producersNum = 8 , consumersNum = 8
poolType is NoFIFOPool
producerMigrate = 1
Enable initial producer&consumer binding...
Waiting for pools initialization...
Pools created successfully...
Time to run = 4000 msec
Producer fluctuations are turned off
Consumer fluctuations are turned off
Starting the run...
Terminating threads...
Peak Insertion throughput (tasks/msec) = 6718.77
System Throughput (tasks/msec) = 2629.44
Average Number of Work Stealing Attempts per Consumer = 22072.6
Producer Atomic Statistics:
	 CAS operations per inserted task: 0.000453645
	 CAS failures per inserted task: 0
Consumer Atomic Statistics:
	 CAS operations per retrieved task: 0.00195176
	 CAS failures per inserted task: 0
CSV Formatting: PoolType,ProdNum,ConsNum,ProdRate,ConsRate,AvgStealingAttempts,ProdCAS,ProdCASFailure,ConsCAS,ConsCASFailure,Affinity,ProdMigrate,ProdFluct,ConsFluct,PausedThreads
CSV:NoFIFOPool,8,8,6718.77,2629.44,22072.6,0.000453645,0,0.00195176,0,1,1,0,0,2
producersNum = 16 , consumersNum = 16
poolType is NoFIFOPool
producerMigrate = 1
Enable initial producer&consumer binding...
Waiting for pools initialization...
Pools created successfully...
Time to run = 4000 msec
Producer fluctuations are turned off
Consumer fluctuations are turned off
Starting the run...
Terminating threads...
Peak Insertion throughput (tasks/msec) = 5027.38
System Throughput (tasks/msec) = 3868.14
Average Number of Work Stealing Attempts per Consumer = 0
Producer Atomic Statistics:
	 CAS operations per inserted task: 0.000873934
	 CAS failures per inserted task: 0
Consumer Atomic Statistics:
	 CAS operations per retrieved task: 0.00189228
	 CAS failures per inserted task: 0
CSV Formatting: PoolType,ProdNum,ConsNum,ProdRate,ConsRate,AvgStealingAttempts,ProdCAS,ProdCASFailure,ConsCAS,ConsCASFailure,Affinity,ProdMigrate,ProdFluct,ConsFluct,PausedThreads
CSV:NoFIFOPool,16,16,5027.38,3868.14,0,0.000873934,0,0.00189228,0,1,1,0,0,2
producersNum = 32 , consumersNum = 32
poolType is NoFIFOPool
producerMigrate = 1
Enable initial producer&consumer binding...
Waiting for pools initialization...
Pools created successfully...
Time to run = 4000 msec
Producer fluctuations are turned off
Consumer fluctuations are turned off
Starting the run...
Terminating threads...
Peak Insertion throughput (tasks/msec) = 6012.7
System Throughput (tasks/msec) = 3255.04
Average Number of Work Stealing Attempts per Consumer = 114.406
Producer Atomic Statistics:
	 CAS operations per inserted task: 0.000692845
	 CAS failures per inserted task: 0
Consumer Atomic Statistics:
	 CAS operations per retrieved task: 0.00147155
	 CAS failures per inserted task: 0
CSV Formatting: PoolType,ProdNum,ConsNum,ProdRate,ConsRate,AvgStealingAttempts,ProdCAS,ProdCASFailure,ConsCAS,ConsCASFailure,Affinity,ProdMigrate,ProdFluct,ConsFluct,PausedThreads
CSV:NoFIFOPool,32,32,6012.7,3255.04,114.406,0.000692845,0,0.00147155,0,1,1,0,0,2
